<?xml version="1.0" encoding="UTF-8"?>
<testsuite xmlns:xsi="http://www.w3.org/2001/XMLSchema-instance" xsi:schemaLocation="https://maven.apache.org/surefire/maven-surefire-plugin/xsd/surefire-test-report.xsd" name="TestSuite" time="79.183" tests="10" errors="0" skipped="9" failures="1">
  <properties>
    <property name="java.runtime.name" value="OpenJDK Runtime Environment"/>
    <property name="java.vm.version" value="12.0.2+10"/>
    <property name="sun.boot.library.path" value="/Library/Java/JavaVirtualMachines/openjdk-12.0.2.jdk/Contents/Home/lib"/>
    <property name="maven.multiModuleProjectDirectory" value="/Users/cesarorduno/eclipse-workspace/PlayWright"/>
    <property name="java.vm.vendor" value="Oracle Corporation"/>
    <property name="java.vendor.url" value="https://java.oracle.com/"/>
    <property name="guice.disable.misplaced.annotation.check" value="true"/>
    <property name="path.separator" value=":"/>
    <property name="java.vm.name" value="OpenJDK 64-Bit Server VM"/>
    <property name="user.country" value="MX"/>
    <property name="sun.java.launcher" value="SUN_STANDARD"/>
    <property name="java.vm.specification.name" value="Java Virtual Machine Specification"/>
    <property name="user.dir" value="/Users/cesarorduno/eclipse-workspace/PlayWright"/>
    <property name="java.vm.compressedOopsMode" value="Zero based"/>
    <property name="java.runtime.version" value="12.0.2+10"/>
    <property name="java.awt.graphicsenv" value="sun.awt.CGraphicsEnvironment"/>
    <property name="os.arch" value="x86_64"/>
    <property name="java.io.tmpdir" value="/var/folders/qr/qn4_v81x63n6kwrsj0rv37b40000gp/T/"/>
    <property name="line.separator" value="&#10;"/>
    <property name="java.vm.specification.vendor" value="Oracle Corporation"/>
    <property name="os.name" value="Mac OS X"/>
    <property name="classworlds.conf" value="/Users/cesarorduno/Downloads/apache-maven-3.6.3/bin/m2.conf"/>
    <property name="sun.jnu.encoding" value="UTF-8"/>
    <property name="java.library.path" value="/Users/cesarorduno/Library/Java/Extensions:/Library/Java/Extensions:/Network/Library/Java/Extensions:/System/Library/Java/Extensions:/usr/lib/java:."/>
    <property name="maven.conf" value="/Users/cesarorduno/Downloads/apache-maven-3.6.3/conf"/>
    <property name="jdk.debug" value="release"/>
    <property name="java.class.version" value="56.0"/>
    <property name="java.specification.name" value="Java Platform API Specification"/>
    <property name="sun.management.compiler" value="HotSpot 64-Bit Tiered Compilers"/>
    <property name="os.version" value="10.16"/>
    <property name="library.jansi.path" value="/Users/cesarorduno/Downloads/apache-maven-3.6.3/lib/jansi-native"/>
    <property name="http.nonProxyHosts" value="local|*.local|169.254/16|*.169.254/16"/>
    <property name="user.home" value="/Users/cesarorduno"/>
    <property name="user.timezone" value="America/Mexico_City"/>
    <property name="file.encoding" value="UTF-8"/>
    <property name="java.specification.version" value="12"/>
    <property name="user.name" value="cesarorduno"/>
    <property name="java.class.path" value="/Users/cesarorduno/Downloads/apache-maven-3.6.3/boot/plexus-classworlds-2.6.0.jar"/>
    <property name="java.vm.specification.version" value="12"/>
    <property name="sun.arch.data.model" value="64"/>
    <property name="sun.java.command" value="org.codehaus.plexus.classworlds.launcher.Launcher test"/>
    <property name="java.home" value="/Library/Java/JavaVirtualMachines/openjdk-12.0.2.jdk/Contents/Home"/>
    <property name="user.language" value="en"/>
    <property name="java.specification.vendor" value="Oracle Corporation"/>
    <property name="awt.toolkit" value="sun.lwawt.macosx.LWCToolkit"/>
    <property name="java.vm.info" value="mixed mode, sharing"/>
    <property name="java.version" value="12.0.2"/>
    <property name="java.vendor" value="Oracle Corporation"/>
    <property name="maven.home" value="/Users/cesarorduno/Downloads/apache-maven-3.6.3"/>
    <property name="file.separator" value="/"/>
    <property name="java.version.date" value="2019-07-16"/>
    <property name="java.vendor.url.bug" value="https://bugreport.java.com/bugreport/"/>
    <property name="sun.io.unicode.encoding" value="UnicodeBig"/>
    <property name="sun.cpu.endian" value="little"/>
    <property name="socksNonProxyHosts" value="local|*.local|169.254/16|*.169.254/16"/>
    <property name="ftp.nonProxyHosts" value="local|*.local|169.254/16|*.169.254/16"/>
  </properties>
  <testcase name="setup" classname="com.qa.opencart.tests.HomePageTest" time="79.056">
    <failure message="Error {&#10;  message=&apos;WebSocket error: connect ETIMEDOUT 172.18.0.5:4444&#10;=========================== logs ===========================&#10;&lt;selenium&gt; connecting to http://localhost:4444/wd/hub/&#10;&lt;selenium&gt; connected to sessionId=99f143cd7f13e571b848aab53de7e236&#10;&lt;selenium&gt; using selenium v4&#10;&lt;selenium&gt; retrieved endpoint ws://172.18.0.5:4444/session/99f143cd7f13e571b848aab53de7e236/se/cdp for sessionId=99f143cd7f13e571b848aab53de7e236&#10;&lt;ws connecting&gt; ws://172.18.0.5:4444/session/99f143cd7f13e571b848aab53de7e236/se/cdp&#10;&lt;ws error&gt; [object Object]&#10;&lt;ws connect error&gt; ws://172.18.0.5:4444/session/99f143cd7f13e571b848aab53de7e236/se/cdp connect ETIMEDOUT 172.18.0.5:4444&#10;&lt;ws disconnected&gt; ws://172.18.0.5:4444/session/99f143cd7f13e571b848aab53de7e236/se/cdp code=1006 reason=&#10;&lt;selenium&gt; disconnecting from sessionId=99f143cd7f13e571b848aab53de7e236&#10;&lt;selenium&gt; disconnected from sessionId=99f143cd7f13e571b848aab53de7e236&#10;============================================================&#10;  name=&apos;Error&#10;  stack=&apos;Error: WebSocket error: connect ETIMEDOUT 172.18.0.5:4444&#10;=========================== logs ===========================&#10;&lt;selenium&gt; connecting to http://localhost:4444/wd/hub/&#10;&lt;selenium&gt; connected to sessionId=99f143cd7f13e571b848aab53de7e236&#10;&lt;selenium&gt; using selenium v4&#10;&lt;selenium&gt; retrieved endpoint ws://172.18.0.5:4444/session/99f143cd7f13e571b848aab53de7e236/se/cdp for sessionId=99f143cd7f13e571b848aab53de7e236&#10;&lt;ws connecting&gt; ws://172.18.0.5:4444/session/99f143cd7f13e571b848aab53de7e236/se/cdp&#10;&lt;ws error&gt; [object Object]&#10;&lt;ws connect error&gt; ws://172.18.0.5:4444/session/99f143cd7f13e571b848aab53de7e236/se/cdp connect ETIMEDOUT 172.18.0.5:4444&#10;&lt;ws disconnected&gt; ws://172.18.0.5:4444/session/99f143cd7f13e571b848aab53de7e236/se/cdp code=1006 reason=&#10;&lt;selenium&gt; disconnecting from sessionId=99f143cd7f13e571b848aab53de7e236&#10;&lt;selenium&gt; disconnected from sessionId=99f143cd7f13e571b848aab53de7e236&#10;============================================================&#10;    at X.&lt;anonymous&gt; (/private/var/folders/qr/qn4_v81x63n6kwrsj0rv37b40000gp/T/playwright-java-7035418253109300097/package/lib/server/transport.js:44:16)&#10;    at X.i (/private/var/folders/qr/qn4_v81x63n6kwrsj0rv37b40000gp/T/playwright-java-7035418253109300097/package/lib/utilsBundleImpl.js:38:24151)&#10;    at X.emit (node:events:539:35)&#10;    at fo (/private/var/folders/qr/qn4_v81x63n6kwrsj0rv37b40000gp/T/playwright-java-7035418253109300097/package/lib/utilsBundleImpl.js:38:36211)&#10;    at ClientRequest.&lt;anonymous&gt; (/private/var/folders/qr/qn4_v81x63n6kwrsj0rv37b40000gp/T/playwright-java-7035418253109300097/package/lib/utilsBundleImpl.js:38:34667)&#10;    at ClientRequest.emit (node:events:527:28)&#10;    at Socket.socketErrorListener (node:_http_client:454:9)&#10;    at Socket.emit (node:events:527:28)&#10;    at emitErrorNT (node:internal/streams/destroy:157:8)&#10;    at emitErrorCloseNT (node:internal/streams/destroy:122:3)&#10;}" type="com.microsoft.playwright.PlaywrightException"><![CDATA[com.microsoft.playwright.PlaywrightException: 
Error {
  message='WebSocket error: connect ETIMEDOUT 172.18.0.5:4444
=========================== logs ===========================
<selenium> connecting to http://localhost:4444/wd/hub/
<selenium> connected to sessionId=99f143cd7f13e571b848aab53de7e236
<selenium> using selenium v4
<selenium> retrieved endpoint ws://172.18.0.5:4444/session/99f143cd7f13e571b848aab53de7e236/se/cdp for sessionId=99f143cd7f13e571b848aab53de7e236
<ws connecting> ws://172.18.0.5:4444/session/99f143cd7f13e571b848aab53de7e236/se/cdp
<ws error> [object Object]
<ws connect error> ws://172.18.0.5:4444/session/99f143cd7f13e571b848aab53de7e236/se/cdp connect ETIMEDOUT 172.18.0.5:4444
<ws disconnected> ws://172.18.0.5:4444/session/99f143cd7f13e571b848aab53de7e236/se/cdp code=1006 reason=
<selenium> disconnecting from sessionId=99f143cd7f13e571b848aab53de7e236
<selenium> disconnected from sessionId=99f143cd7f13e571b848aab53de7e236
============================================================
  name='Error
  stack='Error: WebSocket error: connect ETIMEDOUT 172.18.0.5:4444
=========================== logs ===========================
<selenium> connecting to http://localhost:4444/wd/hub/
<selenium> connected to sessionId=99f143cd7f13e571b848aab53de7e236
<selenium> using selenium v4
<selenium> retrieved endpoint ws://172.18.0.5:4444/session/99f143cd7f13e571b848aab53de7e236/se/cdp for sessionId=99f143cd7f13e571b848aab53de7e236
<ws connecting> ws://172.18.0.5:4444/session/99f143cd7f13e571b848aab53de7e236/se/cdp
<ws error> [object Object]
<ws connect error> ws://172.18.0.5:4444/session/99f143cd7f13e571b848aab53de7e236/se/cdp connect ETIMEDOUT 172.18.0.5:4444
<ws disconnected> ws://172.18.0.5:4444/session/99f143cd7f13e571b848aab53de7e236/se/cdp code=1006 reason=
<selenium> disconnecting from sessionId=99f143cd7f13e571b848aab53de7e236
<selenium> disconnected from sessionId=99f143cd7f13e571b848aab53de7e236
============================================================
    at X.<anonymous> (/private/var/folders/qr/qn4_v81x63n6kwrsj0rv37b40000gp/T/playwright-java-7035418253109300097/package/lib/server/transport.js:44:16)
    at X.i (/private/var/folders/qr/qn4_v81x63n6kwrsj0rv37b40000gp/T/playwright-java-7035418253109300097/package/lib/utilsBundleImpl.js:38:24151)
    at X.emit (node:events:539:35)
    at fo (/private/var/folders/qr/qn4_v81x63n6kwrsj0rv37b40000gp/T/playwright-java-7035418253109300097/package/lib/utilsBundleImpl.js:38:36211)
    at ClientRequest.<anonymous> (/private/var/folders/qr/qn4_v81x63n6kwrsj0rv37b40000gp/T/playwright-java-7035418253109300097/package/lib/utilsBundleImpl.js:38:34667)
    at ClientRequest.emit (node:events:527:28)
    at Socket.socketErrorListener (node:_http_client:454:9)
    at Socket.emit (node:events:527:28)
    at emitErrorNT (node:internal/streams/destroy:157:8)
    at emitErrorCloseNT (node:internal/streams/destroy:122:3)
}
Caused by: com.microsoft.playwright.impl.DriverException: 
Error {
  message='WebSocket error: connect ETIMEDOUT 172.18.0.5:4444
=========================== logs ===========================
<selenium> connecting to http://localhost:4444/wd/hub/
<selenium> connected to sessionId=99f143cd7f13e571b848aab53de7e236
<selenium> using selenium v4
<selenium> retrieved endpoint ws://172.18.0.5:4444/session/99f143cd7f13e571b848aab53de7e236/se/cdp for sessionId=99f143cd7f13e571b848aab53de7e236
<ws connecting> ws://172.18.0.5:4444/session/99f143cd7f13e571b848aab53de7e236/se/cdp
<ws error> [object Object]
<ws connect error> ws://172.18.0.5:4444/session/99f143cd7f13e571b848aab53de7e236/se/cdp connect ETIMEDOUT 172.18.0.5:4444
<ws disconnected> ws://172.18.0.5:4444/session/99f143cd7f13e571b848aab53de7e236/se/cdp code=1006 reason=
<selenium> disconnecting from sessionId=99f143cd7f13e571b848aab53de7e236
<selenium> disconnected from sessionId=99f143cd7f13e571b848aab53de7e236
============================================================
  name='Error
  stack='Error: WebSocket error: connect ETIMEDOUT 172.18.0.5:4444
=========================== logs ===========================
<selenium> connecting to http://localhost:4444/wd/hub/
<selenium> connected to sessionId=99f143cd7f13e571b848aab53de7e236
<selenium> using selenium v4
<selenium> retrieved endpoint ws://172.18.0.5:4444/session/99f143cd7f13e571b848aab53de7e236/se/cdp for sessionId=99f143cd7f13e571b848aab53de7e236
<ws connecting> ws://172.18.0.5:4444/session/99f143cd7f13e571b848aab53de7e236/se/cdp
<ws error> [object Object]
<ws connect error> ws://172.18.0.5:4444/session/99f143cd7f13e571b848aab53de7e236/se/cdp connect ETIMEDOUT 172.18.0.5:4444
<ws disconnected> ws://172.18.0.5:4444/session/99f143cd7f13e571b848aab53de7e236/se/cdp code=1006 reason=
<selenium> disconnecting from sessionId=99f143cd7f13e571b848aab53de7e236
<selenium> disconnected from sessionId=99f143cd7f13e571b848aab53de7e236
============================================================
    at X.<anonymous> (/private/var/folders/qr/qn4_v81x63n6kwrsj0rv37b40000gp/T/playwright-java-7035418253109300097/package/lib/server/transport.js:44:16)
    at X.i (/private/var/folders/qr/qn4_v81x63n6kwrsj0rv37b40000gp/T/playwright-java-7035418253109300097/package/lib/utilsBundleImpl.js:38:24151)
    at X.emit (node:events:539:35)
    at fo (/private/var/folders/qr/qn4_v81x63n6kwrsj0rv37b40000gp/T/playwright-java-7035418253109300097/package/lib/utilsBundleImpl.js:38:36211)
    at ClientRequest.<anonymous> (/private/var/folders/qr/qn4_v81x63n6kwrsj0rv37b40000gp/T/playwright-java-7035418253109300097/package/lib/utilsBundleImpl.js:38:34667)
    at ClientRequest.emit (node:events:527:28)
    at Socket.socketErrorListener (node:_http_client:454:9)
    at Socket.emit (node:events:527:28)
    at emitErrorNT (node:internal/streams/destroy:157:8)
    at emitErrorCloseNT (node:internal/streams/destroy:122:3)
}
]]></failure>
    <system-out><![CDATA[browser name is : chromium
]]></system-out>
  </testcase>
  <testcase name="homePageTitleTest" classname="com.qa.opencart.tests.HomePageTest" time="0">
    <skipped message="Error {&#10;  message=&apos;WebSocket error: connect ETIMEDOUT 172.18.0.5:4444&#10;=========================== logs ===========================&#10;&lt;selenium&gt; connecting to http://localhost:4444/wd/hub/&#10;&lt;selenium&gt; connected to sessionId=99f143cd7f13e571b848aab53de7e236&#10;&lt;selenium&gt; using selenium v4&#10;&lt;selenium&gt; retrieved endpoint ws://172.18.0.5:4444/session/99f143cd7f13e571b848aab53de7e236/se/cdp for sessionId=99f143cd7f13e571b848aab53de7e236&#10;&lt;ws connecting&gt; ws://172.18.0.5:4444/session/99f143cd7f13e571b848aab53de7e236/se/cdp&#10;&lt;ws error&gt; [object Object]&#10;&lt;ws connect error&gt; ws://172.18.0.5:4444/session/99f143cd7f13e571b848aab53de7e236/se/cdp connect ETIMEDOUT 172.18.0.5:4444&#10;&lt;ws disconnected&gt; ws://172.18.0.5:4444/session/99f143cd7f13e571b848aab53de7e236/se/cdp code=1006 reason=&#10;&lt;selenium&gt; disconnecting from sessionId=99f143cd7f13e571b848aab53de7e236&#10;&lt;selenium&gt; disconnected from sessionId=99f143cd7f13e571b848aab53de7e236&#10;============================================================&#10;  name=&apos;Error&#10;  stack=&apos;Error: WebSocket error: connect ETIMEDOUT 172.18.0.5:4444&#10;=========================== logs ===========================&#10;&lt;selenium&gt; connecting to http://localhost:4444/wd/hub/&#10;&lt;selenium&gt; connected to sessionId=99f143cd7f13e571b848aab53de7e236&#10;&lt;selenium&gt; using selenium v4&#10;&lt;selenium&gt; retrieved endpoint ws://172.18.0.5:4444/session/99f143cd7f13e571b848aab53de7e236/se/cdp for sessionId=99f143cd7f13e571b848aab53de7e236&#10;&lt;ws connecting&gt; ws://172.18.0.5:4444/session/99f143cd7f13e571b848aab53de7e236/se/cdp&#10;&lt;ws error&gt; [object Object]&#10;&lt;ws connect error&gt; ws://172.18.0.5:4444/session/99f143cd7f13e571b848aab53de7e236/se/cdp connect ETIMEDOUT 172.18.0.5:4444&#10;&lt;ws disconnected&gt; ws://172.18.0.5:4444/session/99f143cd7f13e571b848aab53de7e236/se/cdp code=1006 reason=&#10;&lt;selenium&gt; disconnecting from sessionId=99f143cd7f13e571b848aab53de7e236&#10;&lt;selenium&gt; disconnected from sessionId=99f143cd7f13e571b848aab53de7e236&#10;============================================================&#10;    at X.&lt;anonymous&gt; (/private/var/folders/qr/qn4_v81x63n6kwrsj0rv37b40000gp/T/playwright-java-7035418253109300097/package/lib/server/transport.js:44:16)&#10;    at X.i (/private/var/folders/qr/qn4_v81x63n6kwrsj0rv37b40000gp/T/playwright-java-7035418253109300097/package/lib/utilsBundleImpl.js:38:24151)&#10;    at X.emit (node:events:539:35)&#10;    at fo (/private/var/folders/qr/qn4_v81x63n6kwrsj0rv37b40000gp/T/playwright-java-7035418253109300097/package/lib/utilsBundleImpl.js:38:36211)&#10;    at ClientRequest.&lt;anonymous&gt; (/private/var/folders/qr/qn4_v81x63n6kwrsj0rv37b40000gp/T/playwright-java-7035418253109300097/package/lib/utilsBundleImpl.js:38:34667)&#10;    at ClientRequest.emit (node:events:527:28)&#10;    at Socket.socketErrorListener (node:_http_client:454:9)&#10;    at Socket.emit (node:events:527:28)&#10;    at emitErrorNT (node:internal/streams/destroy:157:8)&#10;    at emitErrorCloseNT (node:internal/streams/destroy:122:3)&#10;}"/>
  </testcase>
  <testcase name="homePageURLTest" classname="com.qa.opencart.tests.HomePageTest" time="0">
    <skipped message="Error {&#10;  message=&apos;WebSocket error: connect ETIMEDOUT 172.18.0.5:4444&#10;=========================== logs ===========================&#10;&lt;selenium&gt; connecting to http://localhost:4444/wd/hub/&#10;&lt;selenium&gt; connected to sessionId=99f143cd7f13e571b848aab53de7e236&#10;&lt;selenium&gt; using selenium v4&#10;&lt;selenium&gt; retrieved endpoint ws://172.18.0.5:4444/session/99f143cd7f13e571b848aab53de7e236/se/cdp for sessionId=99f143cd7f13e571b848aab53de7e236&#10;&lt;ws connecting&gt; ws://172.18.0.5:4444/session/99f143cd7f13e571b848aab53de7e236/se/cdp&#10;&lt;ws error&gt; [object Object]&#10;&lt;ws connect error&gt; ws://172.18.0.5:4444/session/99f143cd7f13e571b848aab53de7e236/se/cdp connect ETIMEDOUT 172.18.0.5:4444&#10;&lt;ws disconnected&gt; ws://172.18.0.5:4444/session/99f143cd7f13e571b848aab53de7e236/se/cdp code=1006 reason=&#10;&lt;selenium&gt; disconnecting from sessionId=99f143cd7f13e571b848aab53de7e236&#10;&lt;selenium&gt; disconnected from sessionId=99f143cd7f13e571b848aab53de7e236&#10;============================================================&#10;  name=&apos;Error&#10;  stack=&apos;Error: WebSocket error: connect ETIMEDOUT 172.18.0.5:4444&#10;=========================== logs ===========================&#10;&lt;selenium&gt; connecting to http://localhost:4444/wd/hub/&#10;&lt;selenium&gt; connected to sessionId=99f143cd7f13e571b848aab53de7e236&#10;&lt;selenium&gt; using selenium v4&#10;&lt;selenium&gt; retrieved endpoint ws://172.18.0.5:4444/session/99f143cd7f13e571b848aab53de7e236/se/cdp for sessionId=99f143cd7f13e571b848aab53de7e236&#10;&lt;ws connecting&gt; ws://172.18.0.5:4444/session/99f143cd7f13e571b848aab53de7e236/se/cdp&#10;&lt;ws error&gt; [object Object]&#10;&lt;ws connect error&gt; ws://172.18.0.5:4444/session/99f143cd7f13e571b848aab53de7e236/se/cdp connect ETIMEDOUT 172.18.0.5:4444&#10;&lt;ws disconnected&gt; ws://172.18.0.5:4444/session/99f143cd7f13e571b848aab53de7e236/se/cdp code=1006 reason=&#10;&lt;selenium&gt; disconnecting from sessionId=99f143cd7f13e571b848aab53de7e236&#10;&lt;selenium&gt; disconnected from sessionId=99f143cd7f13e571b848aab53de7e236&#10;============================================================&#10;    at X.&lt;anonymous&gt; (/private/var/folders/qr/qn4_v81x63n6kwrsj0rv37b40000gp/T/playwright-java-7035418253109300097/package/lib/server/transport.js:44:16)&#10;    at X.i (/private/var/folders/qr/qn4_v81x63n6kwrsj0rv37b40000gp/T/playwright-java-7035418253109300097/package/lib/utilsBundleImpl.js:38:24151)&#10;    at X.emit (node:events:539:35)&#10;    at fo (/private/var/folders/qr/qn4_v81x63n6kwrsj0rv37b40000gp/T/playwright-java-7035418253109300097/package/lib/utilsBundleImpl.js:38:36211)&#10;    at ClientRequest.&lt;anonymous&gt; (/private/var/folders/qr/qn4_v81x63n6kwrsj0rv37b40000gp/T/playwright-java-7035418253109300097/package/lib/utilsBundleImpl.js:38:34667)&#10;    at ClientRequest.emit (node:events:527:28)&#10;    at Socket.socketErrorListener (node:_http_client:454:9)&#10;    at Socket.emit (node:events:527:28)&#10;    at emitErrorNT (node:internal/streams/destroy:157:8)&#10;    at emitErrorCloseNT (node:internal/streams/destroy:122:3)&#10;}"/>
  </testcase>
  <testcase name="searchTest" classname="com.qa.opencart.tests.HomePageTest" time="0">
    <skipped message="Error {&#10;  message=&apos;WebSocket error: connect ETIMEDOUT 172.18.0.5:4444&#10;=========================== logs ===========================&#10;&lt;selenium&gt; connecting to http://localhost:4444/wd/hub/&#10;&lt;selenium&gt; connected to sessionId=99f143cd7f13e571b848aab53de7e236&#10;&lt;selenium&gt; using selenium v4&#10;&lt;selenium&gt; retrieved endpoint ws://172.18.0.5:4444/session/99f143cd7f13e571b848aab53de7e236/se/cdp for sessionId=99f143cd7f13e571b848aab53de7e236&#10;&lt;ws connecting&gt; ws://172.18.0.5:4444/session/99f143cd7f13e571b848aab53de7e236/se/cdp&#10;&lt;ws error&gt; [object Object]&#10;&lt;ws connect error&gt; ws://172.18.0.5:4444/session/99f143cd7f13e571b848aab53de7e236/se/cdp connect ETIMEDOUT 172.18.0.5:4444&#10;&lt;ws disconnected&gt; ws://172.18.0.5:4444/session/99f143cd7f13e571b848aab53de7e236/se/cdp code=1006 reason=&#10;&lt;selenium&gt; disconnecting from sessionId=99f143cd7f13e571b848aab53de7e236&#10;&lt;selenium&gt; disconnected from sessionId=99f143cd7f13e571b848aab53de7e236&#10;============================================================&#10;  name=&apos;Error&#10;  stack=&apos;Error: WebSocket error: connect ETIMEDOUT 172.18.0.5:4444&#10;=========================== logs ===========================&#10;&lt;selenium&gt; connecting to http://localhost:4444/wd/hub/&#10;&lt;selenium&gt; connected to sessionId=99f143cd7f13e571b848aab53de7e236&#10;&lt;selenium&gt; using selenium v4&#10;&lt;selenium&gt; retrieved endpoint ws://172.18.0.5:4444/session/99f143cd7f13e571b848aab53de7e236/se/cdp for sessionId=99f143cd7f13e571b848aab53de7e236&#10;&lt;ws connecting&gt; ws://172.18.0.5:4444/session/99f143cd7f13e571b848aab53de7e236/se/cdp&#10;&lt;ws error&gt; [object Object]&#10;&lt;ws connect error&gt; ws://172.18.0.5:4444/session/99f143cd7f13e571b848aab53de7e236/se/cdp connect ETIMEDOUT 172.18.0.5:4444&#10;&lt;ws disconnected&gt; ws://172.18.0.5:4444/session/99f143cd7f13e571b848aab53de7e236/se/cdp code=1006 reason=&#10;&lt;selenium&gt; disconnecting from sessionId=99f143cd7f13e571b848aab53de7e236&#10;&lt;selenium&gt; disconnected from sessionId=99f143cd7f13e571b848aab53de7e236&#10;============================================================&#10;    at X.&lt;anonymous&gt; (/private/var/folders/qr/qn4_v81x63n6kwrsj0rv37b40000gp/T/playwright-java-7035418253109300097/package/lib/server/transport.js:44:16)&#10;    at X.i (/private/var/folders/qr/qn4_v81x63n6kwrsj0rv37b40000gp/T/playwright-java-7035418253109300097/package/lib/utilsBundleImpl.js:38:24151)&#10;    at X.emit (node:events:539:35)&#10;    at fo (/private/var/folders/qr/qn4_v81x63n6kwrsj0rv37b40000gp/T/playwright-java-7035418253109300097/package/lib/utilsBundleImpl.js:38:36211)&#10;    at ClientRequest.&lt;anonymous&gt; (/private/var/folders/qr/qn4_v81x63n6kwrsj0rv37b40000gp/T/playwright-java-7035418253109300097/package/lib/utilsBundleImpl.js:38:34667)&#10;    at ClientRequest.emit (node:events:527:28)&#10;    at Socket.socketErrorListener (node:_http_client:454:9)&#10;    at Socket.emit (node:events:527:28)&#10;    at emitErrorNT (node:internal/streams/destroy:157:8)&#10;    at emitErrorCloseNT (node:internal/streams/destroy:122:3)&#10;}"/>
  </testcase>
  <testcase name="searchTest" classname="com.qa.opencart.tests.HomePageTest" time="0">
    <skipped message="Error {&#10;  message=&apos;WebSocket error: connect ETIMEDOUT 172.18.0.5:4444&#10;=========================== logs ===========================&#10;&lt;selenium&gt; connecting to http://localhost:4444/wd/hub/&#10;&lt;selenium&gt; connected to sessionId=99f143cd7f13e571b848aab53de7e236&#10;&lt;selenium&gt; using selenium v4&#10;&lt;selenium&gt; retrieved endpoint ws://172.18.0.5:4444/session/99f143cd7f13e571b848aab53de7e236/se/cdp for sessionId=99f143cd7f13e571b848aab53de7e236&#10;&lt;ws connecting&gt; ws://172.18.0.5:4444/session/99f143cd7f13e571b848aab53de7e236/se/cdp&#10;&lt;ws error&gt; [object Object]&#10;&lt;ws connect error&gt; ws://172.18.0.5:4444/session/99f143cd7f13e571b848aab53de7e236/se/cdp connect ETIMEDOUT 172.18.0.5:4444&#10;&lt;ws disconnected&gt; ws://172.18.0.5:4444/session/99f143cd7f13e571b848aab53de7e236/se/cdp code=1006 reason=&#10;&lt;selenium&gt; disconnecting from sessionId=99f143cd7f13e571b848aab53de7e236&#10;&lt;selenium&gt; disconnected from sessionId=99f143cd7f13e571b848aab53de7e236&#10;============================================================&#10;  name=&apos;Error&#10;  stack=&apos;Error: WebSocket error: connect ETIMEDOUT 172.18.0.5:4444&#10;=========================== logs ===========================&#10;&lt;selenium&gt; connecting to http://localhost:4444/wd/hub/&#10;&lt;selenium&gt; connected to sessionId=99f143cd7f13e571b848aab53de7e236&#10;&lt;selenium&gt; using selenium v4&#10;&lt;selenium&gt; retrieved endpoint ws://172.18.0.5:4444/session/99f143cd7f13e571b848aab53de7e236/se/cdp for sessionId=99f143cd7f13e571b848aab53de7e236&#10;&lt;ws connecting&gt; ws://172.18.0.5:4444/session/99f143cd7f13e571b848aab53de7e236/se/cdp&#10;&lt;ws error&gt; [object Object]&#10;&lt;ws connect error&gt; ws://172.18.0.5:4444/session/99f143cd7f13e571b848aab53de7e236/se/cdp connect ETIMEDOUT 172.18.0.5:4444&#10;&lt;ws disconnected&gt; ws://172.18.0.5:4444/session/99f143cd7f13e571b848aab53de7e236/se/cdp code=1006 reason=&#10;&lt;selenium&gt; disconnecting from sessionId=99f143cd7f13e571b848aab53de7e236&#10;&lt;selenium&gt; disconnected from sessionId=99f143cd7f13e571b848aab53de7e236&#10;============================================================&#10;    at X.&lt;anonymous&gt; (/private/var/folders/qr/qn4_v81x63n6kwrsj0rv37b40000gp/T/playwright-java-7035418253109300097/package/lib/server/transport.js:44:16)&#10;    at X.i (/private/var/folders/qr/qn4_v81x63n6kwrsj0rv37b40000gp/T/playwright-java-7035418253109300097/package/lib/utilsBundleImpl.js:38:24151)&#10;    at X.emit (node:events:539:35)&#10;    at fo (/private/var/folders/qr/qn4_v81x63n6kwrsj0rv37b40000gp/T/playwright-java-7035418253109300097/package/lib/utilsBundleImpl.js:38:36211)&#10;    at ClientRequest.&lt;anonymous&gt; (/private/var/folders/qr/qn4_v81x63n6kwrsj0rv37b40000gp/T/playwright-java-7035418253109300097/package/lib/utilsBundleImpl.js:38:34667)&#10;    at ClientRequest.emit (node:events:527:28)&#10;    at Socket.socketErrorListener (node:_http_client:454:9)&#10;    at Socket.emit (node:events:527:28)&#10;    at emitErrorNT (node:internal/streams/destroy:157:8)&#10;    at emitErrorCloseNT (node:internal/streams/destroy:122:3)&#10;}"/>
  </testcase>
  <testcase name="searchTest" classname="com.qa.opencart.tests.HomePageTest" time="0">
    <skipped message="Error {&#10;  message=&apos;WebSocket error: connect ETIMEDOUT 172.18.0.5:4444&#10;=========================== logs ===========================&#10;&lt;selenium&gt; connecting to http://localhost:4444/wd/hub/&#10;&lt;selenium&gt; connected to sessionId=99f143cd7f13e571b848aab53de7e236&#10;&lt;selenium&gt; using selenium v4&#10;&lt;selenium&gt; retrieved endpoint ws://172.18.0.5:4444/session/99f143cd7f13e571b848aab53de7e236/se/cdp for sessionId=99f143cd7f13e571b848aab53de7e236&#10;&lt;ws connecting&gt; ws://172.18.0.5:4444/session/99f143cd7f13e571b848aab53de7e236/se/cdp&#10;&lt;ws error&gt; [object Object]&#10;&lt;ws connect error&gt; ws://172.18.0.5:4444/session/99f143cd7f13e571b848aab53de7e236/se/cdp connect ETIMEDOUT 172.18.0.5:4444&#10;&lt;ws disconnected&gt; ws://172.18.0.5:4444/session/99f143cd7f13e571b848aab53de7e236/se/cdp code=1006 reason=&#10;&lt;selenium&gt; disconnecting from sessionId=99f143cd7f13e571b848aab53de7e236&#10;&lt;selenium&gt; disconnected from sessionId=99f143cd7f13e571b848aab53de7e236&#10;============================================================&#10;  name=&apos;Error&#10;  stack=&apos;Error: WebSocket error: connect ETIMEDOUT 172.18.0.5:4444&#10;=========================== logs ===========================&#10;&lt;selenium&gt; connecting to http://localhost:4444/wd/hub/&#10;&lt;selenium&gt; connected to sessionId=99f143cd7f13e571b848aab53de7e236&#10;&lt;selenium&gt; using selenium v4&#10;&lt;selenium&gt; retrieved endpoint ws://172.18.0.5:4444/session/99f143cd7f13e571b848aab53de7e236/se/cdp for sessionId=99f143cd7f13e571b848aab53de7e236&#10;&lt;ws connecting&gt; ws://172.18.0.5:4444/session/99f143cd7f13e571b848aab53de7e236/se/cdp&#10;&lt;ws error&gt; [object Object]&#10;&lt;ws connect error&gt; ws://172.18.0.5:4444/session/99f143cd7f13e571b848aab53de7e236/se/cdp connect ETIMEDOUT 172.18.0.5:4444&#10;&lt;ws disconnected&gt; ws://172.18.0.5:4444/session/99f143cd7f13e571b848aab53de7e236/se/cdp code=1006 reason=&#10;&lt;selenium&gt; disconnecting from sessionId=99f143cd7f13e571b848aab53de7e236&#10;&lt;selenium&gt; disconnected from sessionId=99f143cd7f13e571b848aab53de7e236&#10;============================================================&#10;    at X.&lt;anonymous&gt; (/private/var/folders/qr/qn4_v81x63n6kwrsj0rv37b40000gp/T/playwright-java-7035418253109300097/package/lib/server/transport.js:44:16)&#10;    at X.i (/private/var/folders/qr/qn4_v81x63n6kwrsj0rv37b40000gp/T/playwright-java-7035418253109300097/package/lib/utilsBundleImpl.js:38:24151)&#10;    at X.emit (node:events:539:35)&#10;    at fo (/private/var/folders/qr/qn4_v81x63n6kwrsj0rv37b40000gp/T/playwright-java-7035418253109300097/package/lib/utilsBundleImpl.js:38:36211)&#10;    at ClientRequest.&lt;anonymous&gt; (/private/var/folders/qr/qn4_v81x63n6kwrsj0rv37b40000gp/T/playwright-java-7035418253109300097/package/lib/utilsBundleImpl.js:38:34667)&#10;    at ClientRequest.emit (node:events:527:28)&#10;    at Socket.socketErrorListener (node:_http_client:454:9)&#10;    at Socket.emit (node:events:527:28)&#10;    at emitErrorNT (node:internal/streams/destroy:157:8)&#10;    at emitErrorCloseNT (node:internal/streams/destroy:122:3)&#10;}"/>
  </testcase>
  <testcase name="loginPageNavigation" classname="com.qa.opencart.tests.LoginPageTest" time="0">
    <skipped message="Error {&#10;  message=&apos;WebSocket error: connect ETIMEDOUT 172.18.0.5:4444&#10;=========================== logs ===========================&#10;&lt;selenium&gt; connecting to http://localhost:4444/wd/hub/&#10;&lt;selenium&gt; connected to sessionId=99f143cd7f13e571b848aab53de7e236&#10;&lt;selenium&gt; using selenium v4&#10;&lt;selenium&gt; retrieved endpoint ws://172.18.0.5:4444/session/99f143cd7f13e571b848aab53de7e236/se/cdp for sessionId=99f143cd7f13e571b848aab53de7e236&#10;&lt;ws connecting&gt; ws://172.18.0.5:4444/session/99f143cd7f13e571b848aab53de7e236/se/cdp&#10;&lt;ws error&gt; [object Object]&#10;&lt;ws connect error&gt; ws://172.18.0.5:4444/session/99f143cd7f13e571b848aab53de7e236/se/cdp connect ETIMEDOUT 172.18.0.5:4444&#10;&lt;ws disconnected&gt; ws://172.18.0.5:4444/session/99f143cd7f13e571b848aab53de7e236/se/cdp code=1006 reason=&#10;&lt;selenium&gt; disconnecting from sessionId=99f143cd7f13e571b848aab53de7e236&#10;&lt;selenium&gt; disconnected from sessionId=99f143cd7f13e571b848aab53de7e236&#10;============================================================&#10;  name=&apos;Error&#10;  stack=&apos;Error: WebSocket error: connect ETIMEDOUT 172.18.0.5:4444&#10;=========================== logs ===========================&#10;&lt;selenium&gt; connecting to http://localhost:4444/wd/hub/&#10;&lt;selenium&gt; connected to sessionId=99f143cd7f13e571b848aab53de7e236&#10;&lt;selenium&gt; using selenium v4&#10;&lt;selenium&gt; retrieved endpoint ws://172.18.0.5:4444/session/99f143cd7f13e571b848aab53de7e236/se/cdp for sessionId=99f143cd7f13e571b848aab53de7e236&#10;&lt;ws connecting&gt; ws://172.18.0.5:4444/session/99f143cd7f13e571b848aab53de7e236/se/cdp&#10;&lt;ws error&gt; [object Object]&#10;&lt;ws connect error&gt; ws://172.18.0.5:4444/session/99f143cd7f13e571b848aab53de7e236/se/cdp connect ETIMEDOUT 172.18.0.5:4444&#10;&lt;ws disconnected&gt; ws://172.18.0.5:4444/session/99f143cd7f13e571b848aab53de7e236/se/cdp code=1006 reason=&#10;&lt;selenium&gt; disconnecting from sessionId=99f143cd7f13e571b848aab53de7e236&#10;&lt;selenium&gt; disconnected from sessionId=99f143cd7f13e571b848aab53de7e236&#10;============================================================&#10;    at X.&lt;anonymous&gt; (/private/var/folders/qr/qn4_v81x63n6kwrsj0rv37b40000gp/T/playwright-java-7035418253109300097/package/lib/server/transport.js:44:16)&#10;    at X.i (/private/var/folders/qr/qn4_v81x63n6kwrsj0rv37b40000gp/T/playwright-java-7035418253109300097/package/lib/utilsBundleImpl.js:38:24151)&#10;    at X.emit (node:events:539:35)&#10;    at fo (/private/var/folders/qr/qn4_v81x63n6kwrsj0rv37b40000gp/T/playwright-java-7035418253109300097/package/lib/utilsBundleImpl.js:38:36211)&#10;    at ClientRequest.&lt;anonymous&gt; (/private/var/folders/qr/qn4_v81x63n6kwrsj0rv37b40000gp/T/playwright-java-7035418253109300097/package/lib/utilsBundleImpl.js:38:34667)&#10;    at ClientRequest.emit (node:events:527:28)&#10;    at Socket.socketErrorListener (node:_http_client:454:9)&#10;    at Socket.emit (node:events:527:28)&#10;    at emitErrorNT (node:internal/streams/destroy:157:8)&#10;    at emitErrorCloseNT (node:internal/streams/destroy:122:3)&#10;}"/>
  </testcase>
  <testcase name="forgotPPwsLinkExistTest" classname="com.qa.opencart.tests.LoginPageTest" time="0">
    <skipped message="Error {&#10;  message=&apos;WebSocket error: connect ETIMEDOUT 172.18.0.5:4444&#10;=========================== logs ===========================&#10;&lt;selenium&gt; connecting to http://localhost:4444/wd/hub/&#10;&lt;selenium&gt; connected to sessionId=99f143cd7f13e571b848aab53de7e236&#10;&lt;selenium&gt; using selenium v4&#10;&lt;selenium&gt; retrieved endpoint ws://172.18.0.5:4444/session/99f143cd7f13e571b848aab53de7e236/se/cdp for sessionId=99f143cd7f13e571b848aab53de7e236&#10;&lt;ws connecting&gt; ws://172.18.0.5:4444/session/99f143cd7f13e571b848aab53de7e236/se/cdp&#10;&lt;ws error&gt; [object Object]&#10;&lt;ws connect error&gt; ws://172.18.0.5:4444/session/99f143cd7f13e571b848aab53de7e236/se/cdp connect ETIMEDOUT 172.18.0.5:4444&#10;&lt;ws disconnected&gt; ws://172.18.0.5:4444/session/99f143cd7f13e571b848aab53de7e236/se/cdp code=1006 reason=&#10;&lt;selenium&gt; disconnecting from sessionId=99f143cd7f13e571b848aab53de7e236&#10;&lt;selenium&gt; disconnected from sessionId=99f143cd7f13e571b848aab53de7e236&#10;============================================================&#10;  name=&apos;Error&#10;  stack=&apos;Error: WebSocket error: connect ETIMEDOUT 172.18.0.5:4444&#10;=========================== logs ===========================&#10;&lt;selenium&gt; connecting to http://localhost:4444/wd/hub/&#10;&lt;selenium&gt; connected to sessionId=99f143cd7f13e571b848aab53de7e236&#10;&lt;selenium&gt; using selenium v4&#10;&lt;selenium&gt; retrieved endpoint ws://172.18.0.5:4444/session/99f143cd7f13e571b848aab53de7e236/se/cdp for sessionId=99f143cd7f13e571b848aab53de7e236&#10;&lt;ws connecting&gt; ws://172.18.0.5:4444/session/99f143cd7f13e571b848aab53de7e236/se/cdp&#10;&lt;ws error&gt; [object Object]&#10;&lt;ws connect error&gt; ws://172.18.0.5:4444/session/99f143cd7f13e571b848aab53de7e236/se/cdp connect ETIMEDOUT 172.18.0.5:4444&#10;&lt;ws disconnected&gt; ws://172.18.0.5:4444/session/99f143cd7f13e571b848aab53de7e236/se/cdp code=1006 reason=&#10;&lt;selenium&gt; disconnecting from sessionId=99f143cd7f13e571b848aab53de7e236&#10;&lt;selenium&gt; disconnected from sessionId=99f143cd7f13e571b848aab53de7e236&#10;============================================================&#10;    at X.&lt;anonymous&gt; (/private/var/folders/qr/qn4_v81x63n6kwrsj0rv37b40000gp/T/playwright-java-7035418253109300097/package/lib/server/transport.js:44:16)&#10;    at X.i (/private/var/folders/qr/qn4_v81x63n6kwrsj0rv37b40000gp/T/playwright-java-7035418253109300097/package/lib/utilsBundleImpl.js:38:24151)&#10;    at X.emit (node:events:539:35)&#10;    at fo (/private/var/folders/qr/qn4_v81x63n6kwrsj0rv37b40000gp/T/playwright-java-7035418253109300097/package/lib/utilsBundleImpl.js:38:36211)&#10;    at ClientRequest.&lt;anonymous&gt; (/private/var/folders/qr/qn4_v81x63n6kwrsj0rv37b40000gp/T/playwright-java-7035418253109300097/package/lib/utilsBundleImpl.js:38:34667)&#10;    at ClientRequest.emit (node:events:527:28)&#10;    at Socket.socketErrorListener (node:_http_client:454:9)&#10;    at Socket.emit (node:events:527:28)&#10;    at emitErrorNT (node:internal/streams/destroy:157:8)&#10;    at emitErrorCloseNT (node:internal/streams/destroy:122:3)&#10;}"/>
  </testcase>
  <testcase name="appLoginTest" classname="com.qa.opencart.tests.LoginPageTest" time="0">
    <skipped message="Error {&#10;  message=&apos;WebSocket error: connect ETIMEDOUT 172.18.0.5:4444&#10;=========================== logs ===========================&#10;&lt;selenium&gt; connecting to http://localhost:4444/wd/hub/&#10;&lt;selenium&gt; connected to sessionId=99f143cd7f13e571b848aab53de7e236&#10;&lt;selenium&gt; using selenium v4&#10;&lt;selenium&gt; retrieved endpoint ws://172.18.0.5:4444/session/99f143cd7f13e571b848aab53de7e236/se/cdp for sessionId=99f143cd7f13e571b848aab53de7e236&#10;&lt;ws connecting&gt; ws://172.18.0.5:4444/session/99f143cd7f13e571b848aab53de7e236/se/cdp&#10;&lt;ws error&gt; [object Object]&#10;&lt;ws connect error&gt; ws://172.18.0.5:4444/session/99f143cd7f13e571b848aab53de7e236/se/cdp connect ETIMEDOUT 172.18.0.5:4444&#10;&lt;ws disconnected&gt; ws://172.18.0.5:4444/session/99f143cd7f13e571b848aab53de7e236/se/cdp code=1006 reason=&#10;&lt;selenium&gt; disconnecting from sessionId=99f143cd7f13e571b848aab53de7e236&#10;&lt;selenium&gt; disconnected from sessionId=99f143cd7f13e571b848aab53de7e236&#10;============================================================&#10;  name=&apos;Error&#10;  stack=&apos;Error: WebSocket error: connect ETIMEDOUT 172.18.0.5:4444&#10;=========================== logs ===========================&#10;&lt;selenium&gt; connecting to http://localhost:4444/wd/hub/&#10;&lt;selenium&gt; connected to sessionId=99f143cd7f13e571b848aab53de7e236&#10;&lt;selenium&gt; using selenium v4&#10;&lt;selenium&gt; retrieved endpoint ws://172.18.0.5:4444/session/99f143cd7f13e571b848aab53de7e236/se/cdp for sessionId=99f143cd7f13e571b848aab53de7e236&#10;&lt;ws connecting&gt; ws://172.18.0.5:4444/session/99f143cd7f13e571b848aab53de7e236/se/cdp&#10;&lt;ws error&gt; [object Object]&#10;&lt;ws connect error&gt; ws://172.18.0.5:4444/session/99f143cd7f13e571b848aab53de7e236/se/cdp connect ETIMEDOUT 172.18.0.5:4444&#10;&lt;ws disconnected&gt; ws://172.18.0.5:4444/session/99f143cd7f13e571b848aab53de7e236/se/cdp code=1006 reason=&#10;&lt;selenium&gt; disconnecting from sessionId=99f143cd7f13e571b848aab53de7e236&#10;&lt;selenium&gt; disconnected from sessionId=99f143cd7f13e571b848aab53de7e236&#10;============================================================&#10;    at X.&lt;anonymous&gt; (/private/var/folders/qr/qn4_v81x63n6kwrsj0rv37b40000gp/T/playwright-java-7035418253109300097/package/lib/server/transport.js:44:16)&#10;    at X.i (/private/var/folders/qr/qn4_v81x63n6kwrsj0rv37b40000gp/T/playwright-java-7035418253109300097/package/lib/utilsBundleImpl.js:38:24151)&#10;    at X.emit (node:events:539:35)&#10;    at fo (/private/var/folders/qr/qn4_v81x63n6kwrsj0rv37b40000gp/T/playwright-java-7035418253109300097/package/lib/utilsBundleImpl.js:38:36211)&#10;    at ClientRequest.&lt;anonymous&gt; (/private/var/folders/qr/qn4_v81x63n6kwrsj0rv37b40000gp/T/playwright-java-7035418253109300097/package/lib/utilsBundleImpl.js:38:34667)&#10;    at ClientRequest.emit (node:events:527:28)&#10;    at Socket.socketErrorListener (node:_http_client:454:9)&#10;    at Socket.emit (node:events:527:28)&#10;    at emitErrorNT (node:internal/streams/destroy:157:8)&#10;    at emitErrorCloseNT (node:internal/streams/destroy:122:3)&#10;}"/>
  </testcase>
  <testcase name="tearDown" classname="com.qa.opencart.tests.HomePageTest" time="0">
    <skipped/>
  </testcase>
</testsuite>