<?xml version="1.0" encoding="UTF-8" ?>
<testsuite tests="8" failures="3" name="TestSuite" time="1.534" errors="0" skipped="0">
  <properties>
    <property name="java.runtime.name" value="OpenJDK Runtime Environment"/>
    <property name="java.vm.version" value="12.0.2+10"/>
    <property name="sun.boot.library.path" value="/Library/Java/JavaVirtualMachines/openjdk-12.0.2.jdk/Contents/Home/lib"/>
    <property name="maven.multiModuleProjectDirectory" value="/Users/cesarorduno/eclipse-workspace/PlayWright"/>
    <property name="java.vm.vendor" value="Oracle Corporation"/>
    <property name="java.vendor.url" value="https://java.oracle.com/"/>
    <property name="guice.disable.misplaced.annotation.check" value="true"/>
    <property name="path.separator" value=":"/>
    <property name="java.vm.name" value="OpenJDK 64-Bit Server VM"/>
    <property name="user.country" value="MX"/>
    <property name="sun.java.launcher" value="SUN_STANDARD"/>
    <property name="java.vm.specification.name" value="Java Virtual Machine Specification"/>
    <property name="user.dir" value="/Users/cesarorduno/eclipse-workspace/PlayWright"/>
    <property name="java.vm.compressedOopsMode" value="Zero based"/>
    <property name="java.runtime.version" value="12.0.2+10"/>
    <property name="java.awt.graphicsenv" value="sun.awt.CGraphicsEnvironment"/>
    <property name="os.arch" value="x86_64"/>
    <property name="java.io.tmpdir" value="/var/folders/qr/qn4_v81x63n6kwrsj0rv37b40000gp/T/"/>
    <property name="line.separator" value="
"/>
    <property name="java.vm.specification.vendor" value="Oracle Corporation"/>
    <property name="os.name" value="Mac OS X"/>
    <property name="classworlds.conf" value="/Users/cesarorduno/eclipse-workspace/.metadata/.plugins/org.eclipse.m2e.launching/launches/m2conf9392414177906491677.tmp"/>
    <property name="sun.jnu.encoding" value="UTF-8"/>
    <property name="java.library.path" value="/Users/cesarorduno/Library/Java/Extensions:/Library/Java/Extensions:/Network/Library/Java/Extensions:/System/Library/Java/Extensions:/usr/lib/java:."/>
    <property name="jdk.debug" value="release"/>
    <property name="java.class.version" value="56.0"/>
    <property name="java.specification.name" value="Java Platform API Specification"/>
    <property name="sun.management.compiler" value="HotSpot 64-Bit Tiered Compilers"/>
    <property name="os.version" value="10.16"/>
    <property name="http.nonProxyHosts" value="local|*.local|169.254/16|*.169.254/16"/>
    <property name="user.home" value="/Users/cesarorduno"/>
    <property name="user.timezone" value="America/Mexico_City"/>
    <property name="file.encoding" value="UTF-8"/>
    <property name="java.specification.version" value="12"/>
    <property name="user.name" value="cesarorduno"/>
    <property name="java.class.path" value="/Applications/Eclipse.app/Contents/Eclipse/plugins/org.eclipse.m2e.maven.runtime_1.12.0.20190529-1915/jars/plexus-classworlds-2.6.0.jar"/>
    <property name="java.vm.specification.version" value="12"/>
    <property name="sun.arch.data.model" value="64"/>
    <property name="sun.java.command" value="org.codehaus.plexus.classworlds.launcher.Launcher -B test"/>
    <property name="java.home" value="/Library/Java/JavaVirtualMachines/openjdk-12.0.2.jdk/Contents/Home"/>
    <property name="user.language" value="en"/>
    <property name="java.specification.vendor" value="Oracle Corporation"/>
    <property name="awt.toolkit" value="sun.lwawt.macosx.LWCToolkit"/>
    <property name="java.vm.info" value="mixed mode, sharing"/>
    <property name="java.version" value="12.0.2"/>
    <property name="java.vendor" value="Oracle Corporation"/>
    <property name="maven.home" value="/Users/cesarorduno/eclipse-workspace/PlayWright/EMBEDDED"/>
    <property name="file.separator" value="/"/>
    <property name="java.version.date" value="2019-07-16"/>
    <property name="java.vendor.url.bug" value="https://bugreport.java.com/bugreport/"/>
    <property name="sun.io.unicode.encoding" value="UnicodeBig"/>
    <property name="sun.cpu.endian" value="little"/>
    <property name="socksNonProxyHosts" value="local|*.local|169.254/16|*.169.254/16"/>
    <property name="ftp.nonProxyHosts" value="local|*.local|169.254/16|*.169.254/16"/>
  </properties>
  <testcase classname="com.qa.opencart.tests.HomePageTest" name="homePageTitleTest" time="0.01"/>
  <testcase classname="com.qa.opencart.tests.HomePageTest" name="homePageURLTest" time="0"/>
  <testcase classname="com.qa.opencart.tests.HomePageTest" name="searchTest" time="0.523"/>
  <testcase classname="com.qa.opencart.tests.HomePageTest" name="searchTest" time="0.528"/>
  <testcase classname="com.qa.opencart.tests.HomePageTest" name="searchTest" time="0.469"/>
  <testcase classname="com.qa.opencart.tests.LoginPageTest" name="loginPageNavigation" time="0.002">
    <failure type="java.lang.NullPointerException">java.lang.NullPointerException
	at com.qa.opencart.tests.LoginPageTest.loginPageNavigation(LoginPageTest.java:13)
</failure>
  </testcase>
  <testcase classname="com.qa.opencart.tests.LoginPageTest" name="forgotPPwsLinkExistTest" time="0.001">
    <failure type="java.lang.NullPointerException">java.lang.NullPointerException
	at com.qa.opencart.tests.LoginPageTest.forgotPPwsLinkExistTest(LoginPageTest.java:21)
</failure>
  </testcase>
  <testcase classname="com.qa.opencart.tests.LoginPageTest" name="appLoginTest" time="0.001">
    <failure type="java.lang.NullPointerException">java.lang.NullPointerException
	at com.qa.opencart.tests.LoginPageTest.appLoginTest(LoginPageTest.java:26)
</failure>
  </testcase>
</testsuite>