<?xml version="1.0" encoding="UTF-8"?>
<!-- Generated by org.testng.reporters.JUnitReportReporter -->
<testsuite hostname="192.168.1.6" failures="0" tests="3" name="com.qa.opencart.tests.LoginPageTest" time="1.267" errors="0" timestamp="07 Mar 2023 17:52:07 GMT" skipped="0">
  <testcase classname="com.qa.opencart.tests.LoginPageTest" name="loginPageNavigation" time="0.484"/>
  <testcase classname="com.qa.opencart.tests.LoginPageTest" name="forgotPPwsLinkExistTest" time="0.026"/>
  <testcase classname="com.qa.opencart.tests.LoginPageTest" name="appLoginTest" time="0.757"/>
</testsuite> <!-- com.qa.opencart.tests.LoginPageTest -->
