<?xml version="1.0" encoding="UTF-8"?>
<!-- Generated by org.testng.reporters.JUnitReportReporter -->
<testsuite hostname="192.168.1.6" failures="0" tests="5" name="com.qa.opencart.tests.HomePageTest" time="1.684" errors="0" timestamp="07 Mar 2023 17:52:07 GMT" skipped="0">
  <testcase classname="com.qa.opencart.tests.HomePageTest" name="searchTest" time="0.520"/>
  <testcase classname="com.qa.opencart.tests.HomePageTest" name="homePageURLTest" time="0.003"/>
  <testcase classname="com.qa.opencart.tests.HomePageTest" name="searchTest" time="0.604"/>
  <testcase classname="com.qa.opencart.tests.HomePageTest" name="searchTest" time="0.534"/>
  <testcase classname="com.qa.opencart.tests.HomePageTest" name="homePageTitleTest" time="0.023"/>
</testsuite> <!-- com.qa.opencart.tests.HomePageTest -->
