<?xml version="1.0" encoding="UTF-8"?>
<!-- Generated by org.testng.reporters.JUnitReportReporter -->
<testsuite hostname="192.168.1.6" failures="0" tests="5" name="com.qa.opencart.tests.HomePageTest" time="1.784" errors="0" timestamp="07 Mar 2023 17:27:21 GMT" skipped="0">
  <testcase classname="com.qa.opencart.tests.HomePageTest" name="searchTest" time="0.569"/>
  <testcase classname="com.qa.opencart.tests.HomePageTest" name="searchTest" time="0.608"/>
  <testcase classname="com.qa.opencart.tests.HomePageTest" name="homePageTitleTest" time="0.015"/>
  <testcase classname="com.qa.opencart.tests.HomePageTest" name="homePageURLTest" time="0.001"/>
  <testcase classname="com.qa.opencart.tests.HomePageTest" name="searchTest" time="0.591"/>
</testsuite> <!-- com.qa.opencart.tests.HomePageTest -->
