<?xml version="1.0" encoding="UTF-8"?>
<!-- Generated by org.testng.reporters.JUnitReportReporter -->
<testsuite hostname="192.168.1.6" failures="0" tests="5" name="com.qa.opencart.tests.HomePageTest" time="1.636" errors="0" timestamp="07 Mar 2023 03:28:24 GMT" skipped="0">
  <testcase classname="com.qa.opencart.tests.HomePageTest" name="homePageTitleTest" time="0.021"/>
  <testcase classname="com.qa.opencart.tests.HomePageTest" name="homePageURLTest" time="0.004"/>
  <testcase classname="com.qa.opencart.tests.HomePageTest" name="searchTest" time="0.504"/>
  <testcase classname="com.qa.opencart.tests.HomePageTest" name="searchTest" time="0.549"/>
  <testcase classname="com.qa.opencart.tests.HomePageTest" name="searchTest" time="0.558"/>
</testsuite> <!-- com.qa.opencart.tests.HomePageTest -->
