<?xml version="1.0" encoding="UTF-8"?>
<!-- Generated by org.testng.reporters.JUnitReportReporter -->
<testsuite hostname="192.168.1.6" failures="0" tests="3" name="com.qa.opencart.tests.LoginPageTest" time="1.320" errors="0" timestamp="07 Mar 2023 17:27:21 GMT" skipped="0">
  <testcase classname="com.qa.opencart.tests.LoginPageTest" name="loginPageNavigation" time="0.560"/>
  <testcase classname="com.qa.opencart.tests.LoginPageTest" name="forgotPPwsLinkExistTest" time="0.030"/>
  <testcase classname="com.qa.opencart.tests.LoginPageTest" name="appLoginTest" time="0.730"/>
</testsuite> <!-- com.qa.opencart.tests.LoginPageTest -->
