<?xml version="1.0" encoding="UTF-8"?>
<!-- Generated by org.testng.reporters.JUnitReportReporter -->
<testsuite hostname="192.168.1.6" failures="0" tests="3" name="com.qa.opencart.tests.LoginPageTest" time="1.408" errors="0" timestamp="07 Mar 2023 03:28:24 GMT" skipped="0">
  <testcase classname="com.qa.opencart.tests.LoginPageTest" name="loginPageNavigation" time="0.558"/>
  <testcase classname="com.qa.opencart.tests.LoginPageTest" name="forgotPPwsLinkExistTest" time="0.028"/>
  <testcase classname="com.qa.opencart.tests.LoginPageTest" name="appLoginTest" time="0.822"/>
</testsuite> <!-- com.qa.opencart.tests.LoginPageTest -->
