<?xml version="1.0" encoding="UTF-8"?>
<!-- Generated by org.testng.reporters.JUnitReportReporter -->
<testsuite hostname="192.168.1.6" failures="0" tests="3" name="com.qa.opencart.tests.LoginPageTest" time="0.000" errors="0" timestamp="07 Mar 2023 17:54:06 GMT" skipped="3">
  <testcase classname="com.qa.opencart.tests.LoginPageTest" name="loginPageNavigation" time="0.000">
    <skipped/>
  </testcase> <!-- loginPageNavigation -->
  <testcase classname="com.qa.opencart.tests.LoginPageTest" name="forgotPPwsLinkExistTest" time="0.000">
    <skipped/>
  </testcase> <!-- forgotPPwsLinkExistTest -->
  <testcase classname="com.qa.opencart.tests.LoginPageTest" name="appLoginTest" time="0.000">
    <skipped/>
  </testcase> <!-- appLoginTest -->
</testsuite> <!-- com.qa.opencart.tests.LoginPageTest -->
