<?xml version="1.0" encoding="UTF-8"?>
<!-- Generated by org.testng.reporters.JUnitReportReporter -->
<testsuite hostname="192.168.1.6" failures="0" tests="6" name="com.qa.opencart.tests.HomePageTest" time="79.005" errors="1" timestamp="07 Mar 2023 18:03:20 GMT" skipped="5">
  <testcase classname="com.qa.opencart.tests.HomePageTest" name="homePageURLTest" time="0.000">
    <skipped/>
  </testcase> <!-- homePageURLTest -->
  <testcase classname="com.qa.opencart.tests.HomePageTest" name="searchTest" time="0.000">
    <skipped/>
  </testcase> <!-- searchTest -->
  <testcase classname="com.qa.opencart.tests.HomePageTest" name="searchTest" time="0.000">
    <skipped/>
  </testcase> <!-- searchTest -->
  <testcase classname="com.qa.opencart.tests.HomePageTest" name="searchTest" time="0.000">
    <skipped/>
  </testcase> <!-- searchTest -->
  <testcase classname="com.qa.opencart.tests.HomePageTest" name="setup" time="79.005">
    <error message="Error {
  message=&#039;WebSocket error: connect ETIMEDOUT 172.18.0.5:4444
=========================== logs ===========================
&lt;selenium&gt; connecting to http://localhost:4444/wd/hub/
&lt;selenium&gt; connected to sessionId=dc914ab1fc63230a8208364a2f724118
&lt;selenium&gt; using selenium v4
&lt;selenium&gt; retrieved endpoint ws://172.18.0.5:4444/session/dc914ab1fc63230a8208364a2f724118/se/cdp for sessionId=dc914ab1fc63230a8208364a2f724118
&lt;ws connecting&gt; ws://172.18.0.5:4444/session/dc914ab1fc63230a8208364a2f724118/se/cdp
&lt;ws error&gt; [object Object]
&lt;ws connect error&gt; ws://172.18.0.5:4444/session/dc914ab1fc63230a8208364a2f724118/se/cdp connect ETIMEDOUT 172.18.0.5:4444
&lt;ws disconnected&gt; ws://172.18.0.5:4444/session/dc914ab1fc63230a8208364a2f724118/se/cdp code=1006 reason=
&lt;selenium&gt; disconnecting from sessionId=dc914ab1fc63230a8208364a2f724118
&lt;selenium&gt; disconnected from sessionId=dc914ab1fc63230a8208364a2f724118
============================================================
  name=&#039;Error
  stack=&#039;Error: WebSocket error: connect ETIMEDOUT 172.18.0.5:4444
=========================== logs ===========================
&lt;selenium&gt; connecting to http://localhost:4444/wd/hub/
&lt;selenium&gt; connected to sessionId=dc914ab1fc63230a8208364a2f724118
&lt;selenium&gt; using selenium v4
&lt;selenium&gt; retrieved endpoint ws://172.18.0.5:4444/session/dc914ab1fc63230a8208364a2f724118/se/cdp for sessionId=dc914ab1fc63230a8208364a2f724118
&lt;ws connecting&gt; ws://172.18.0.5:4444/session/dc914ab1fc63230a8208364a2f724118/se/cdp
&lt;ws error&gt; [object Object]
&lt;ws connect error&gt; ws://172.18.0.5:4444/session/dc914ab1fc63230a8208364a2f724118/se/cdp connect ETIMEDOUT 172.18.0.5:4444
&lt;ws disconnected&gt; ws://172.18.0.5:4444/session/dc914ab1fc63230a8208364a2f724118/se/cdp code=1006 reason=
&lt;selenium&gt; disconnecting from sessionId=dc914ab1fc63230a8208364a2f724118
&lt;selenium&gt; disconnected from sessionId=dc914ab1fc63230a8208364a2f724118
============================================================
    at X.&lt;anonymous&gt; (/private/var/folders/qr/qn4_v81x63n6kwrsj0rv37b40000gp/T/playwright-java-12037138118452180624/package/lib/server/transport.js:44:16)
    at X.i (/private/var/folders/qr/qn4_v81x63n6kwrsj0rv37b40000gp/T/playwright-java-12037138118452180624/package/lib/utilsBundleImpl.js:38:24151)
    at X.emit (node:events:539:35)
    at fo (/private/var/folders/qr/qn4_v81x63n6kwrsj0rv37b40000gp/T/playwright-java-12037138118452180624/package/lib/utilsBundleImpl.js:38:36211)
    at ClientRequest.&lt;anonymous&gt; (/private/var/folders/qr/qn4_v81x63n6kwrsj0rv37b40000gp/T/playwright-java-12037138118452180624/package/lib/utilsBundleImpl.js:38:34667)
    at ClientRequest.emit (node:events:527:28)
    at Socket.socketErrorListener (node:_http_client:454:9)
    at Socket.emit (node:events:527:28)
    at emitErrorNT (node:internal/streams/destroy:157:8)
    at emitErrorCloseNT (node:internal/streams/destroy:122:3)
}" type="com.microsoft.playwright.PlaywrightException">
      <![CDATA[com.microsoft.playwright.PlaywrightException: Error {
  message='WebSocket error: connect ETIMEDOUT 172.18.0.5:4444
=========================== logs ===========================
<selenium> connecting to http://localhost:4444/wd/hub/
<selenium> connected to sessionId=dc914ab1fc63230a8208364a2f724118
<selenium> using selenium v4
<selenium> retrieved endpoint ws://172.18.0.5:4444/session/dc914ab1fc63230a8208364a2f724118/se/cdp for sessionId=dc914ab1fc63230a8208364a2f724118
<ws connecting> ws://172.18.0.5:4444/session/dc914ab1fc63230a8208364a2f724118/se/cdp
<ws error> [object Object]
<ws connect error> ws://172.18.0.5:4444/session/dc914ab1fc63230a8208364a2f724118/se/cdp connect ETIMEDOUT 172.18.0.5:4444
<ws disconnected> ws://172.18.0.5:4444/session/dc914ab1fc63230a8208364a2f724118/se/cdp code=1006 reason=
<selenium> disconnecting from sessionId=dc914ab1fc63230a8208364a2f724118
<selenium> disconnected from sessionId=dc914ab1fc63230a8208364a2f724118
============================================================
  name='Error
  stack='Error: WebSocket error: connect ETIMEDOUT 172.18.0.5:4444
=========================== logs ===========================
<selenium> connecting to http://localhost:4444/wd/hub/
<selenium> connected to sessionId=dc914ab1fc63230a8208364a2f724118
<selenium> using selenium v4
<selenium> retrieved endpoint ws://172.18.0.5:4444/session/dc914ab1fc63230a8208364a2f724118/se/cdp for sessionId=dc914ab1fc63230a8208364a2f724118
<ws connecting> ws://172.18.0.5:4444/session/dc914ab1fc63230a8208364a2f724118/se/cdp
<ws error> [object Object]
<ws connect error> ws://172.18.0.5:4444/session/dc914ab1fc63230a8208364a2f724118/se/cdp connect ETIMEDOUT 172.18.0.5:4444
<ws disconnected> ws://172.18.0.5:4444/session/dc914ab1fc63230a8208364a2f724118/se/cdp code=1006 reason=
<selenium> disconnecting from sessionId=dc914ab1fc63230a8208364a2f724118
<selenium> disconnected from sessionId=dc914ab1fc63230a8208364a2f724118
============================================================
    at X.<anonymous> (/private/var/folders/qr/qn4_v81x63n6kwrsj0rv37b40000gp/T/playwright-java-12037138118452180624/package/lib/server/transport.js:44:16)
    at X.i (/private/var/folders/qr/qn4_v81x63n6kwrsj0rv37b40000gp/T/playwright-java-12037138118452180624/package/lib/utilsBundleImpl.js:38:24151)
    at X.emit (node:events:539:35)
    at fo (/private/var/folders/qr/qn4_v81x63n6kwrsj0rv37b40000gp/T/playwright-java-12037138118452180624/package/lib/utilsBundleImpl.js:38:36211)
    at ClientRequest.<anonymous> (/private/var/folders/qr/qn4_v81x63n6kwrsj0rv37b40000gp/T/playwright-java-12037138118452180624/package/lib/utilsBundleImpl.js:38:34667)
    at ClientRequest.emit (node:events:527:28)
    at Socket.socketErrorListener (node:_http_client:454:9)
    at Socket.emit (node:events:527:28)
    at emitErrorNT (node:internal/streams/destroy:157:8)
    at emitErrorCloseNT (node:internal/streams/destroy:122:3)
}
at com.microsoft.playwright.impl.WaitableResult.get(WaitableResult.java:54)
at com.microsoft.playwright.impl.ChannelOwner.runUntil(ChannelOwner.java:103)
at com.microsoft.playwright.impl.Connection.sendMessage(Connection.java:108)
at com.microsoft.playwright.impl.ChannelOwner.sendMessage(ChannelOwner.java:94)
at com.microsoft.playwright.impl.BrowserTypeImpl.launchImpl(BrowserTypeImpl.java:52)
at com.microsoft.playwright.impl.BrowserTypeImpl.lambda$launch$0(BrowserTypeImpl.java:44)
at com.microsoft.playwright.impl.LoggingSupport.withLogging(LoggingSupport.java:47)
at com.microsoft.playwright.impl.ChannelOwner.withLogging(ChannelOwner.java:79)
at com.microsoft.playwright.impl.BrowserTypeImpl.launch(BrowserTypeImpl.java:44)
at com.microsoft.playwright.impl.BrowserTypeImpl.launch(BrowserTypeImpl.java:35)
at com.qa.opencart.factory.PlaywrightFactory.initBrowser(PlaywrightFactory.java:54)
at com.qa.opencart.base.BaseTest.setup(BaseTest.java:26)
at java.base/jdk.internal.reflect.NativeMethodAccessorImpl.invoke0(Native Method)
at java.base/jdk.internal.reflect.NativeMethodAccessorImpl.invoke(NativeMethodAccessorImpl.java:62)
at java.base/jdk.internal.reflect.DelegatingMethodAccessorImpl.invoke(DelegatingMethodAccessorImpl.java:43)
at java.base/java.lang.reflect.Method.invoke(Method.java:567)
at org.testng.internal.MethodInvocationHelper.invokeMethod(MethodInvocationHelper.java:124)
at org.testng.internal.MethodInvocationHelper.invokeMethodConsideringTimeout(MethodInvocationHelper.java:59)
at org.testng.internal.Invoker.invokeConfigurationMethod(Invoker.java:458)
at org.testng.internal.Invoker.invokeConfigurations(Invoker.java:222)
at org.testng.internal.Invoker.invokeConfigurations(Invoker.java:142)
at org.testng.TestRunner.beforeRun(TestRunner.java:529)
at org.testng.TestRunner.run(TestRunner.java:497)
at org.testng.SuiteRunner.runTest(SuiteRunner.java:455)
at org.testng.SuiteRunner.runSequentially(SuiteRunner.java:450)
at org.testng.SuiteRunner.privateRun(SuiteRunner.java:415)
at org.testng.SuiteRunner.run(SuiteRunner.java:364)
at org.testng.SuiteRunnerWorker.runSuite(SuiteRunnerWorker.java:52)
at org.testng.SuiteRunnerWorker.run(SuiteRunnerWorker.java:84)
at org.testng.TestNG.runSuitesSequentially(TestNG.java:1208)
at org.testng.TestNG.runSuitesLocally(TestNG.java:1137)
at org.testng.TestNG.runSuites(TestNG.java:1049)
at org.testng.TestNG.run(TestNG.java:1017)
at org.apache.maven.surefire.testng.TestNGExecutor.run(TestNGExecutor.java:132)
at org.apache.maven.surefire.testng.TestNGDirectoryTestSuite.executeMulti(TestNGDirectoryTestSuite.java:193)
at org.apache.maven.surefire.testng.TestNGDirectoryTestSuite.execute(TestNGDirectoryTestSuite.java:94)
at org.apache.maven.surefire.testng.TestNGProvider.invoke(TestNGProvider.java:147)
at org.apache.maven.surefire.booter.ForkedBooter.invokeProviderInSameClassLoader(ForkedBooter.java:290)
at org.apache.maven.surefire.booter.ForkedBooter.runSuitesInProcess(ForkedBooter.java:242)
at org.apache.maven.surefire.booter.ForkedBooter.main(ForkedBooter.java:121)
Caused by: com.microsoft.playwright.impl.DriverException: Error {
  message='WebSocket error: connect ETIMEDOUT 172.18.0.5:4444
=========================== logs ===========================
<selenium> connecting to http://localhost:4444/wd/hub/
<selenium> connected to sessionId=dc914ab1fc63230a8208364a2f724118
<selenium> using selenium v4
<selenium> retrieved endpoint ws://172.18.0.5:4444/session/dc914ab1fc63230a8208364a2f724118/se/cdp for sessionId=dc914ab1fc63230a8208364a2f724118
<ws connecting> ws://172.18.0.5:4444/session/dc914ab1fc63230a8208364a2f724118/se/cdp
<ws error> [object Object]
<ws connect error> ws://172.18.0.5:4444/session/dc914ab1fc63230a8208364a2f724118/se/cdp connect ETIMEDOUT 172.18.0.5:4444
<ws disconnected> ws://172.18.0.5:4444/session/dc914ab1fc63230a8208364a2f724118/se/cdp code=1006 reason=
<selenium> disconnecting from sessionId=dc914ab1fc63230a8208364a2f724118
<selenium> disconnected from sessionId=dc914ab1fc63230a8208364a2f724118
============================================================
  name='Error
  stack='Error: WebSocket error: connect ETIMEDOUT 172.18.0.5:4444
=========================== logs ===========================
<selenium> connecting to http://localhost:4444/wd/hub/
<selenium> connected to sessionId=dc914ab1fc63230a8208364a2f724118
<selenium> using selenium v4
<selenium> retrieved endpoint ws://172.18.0.5:4444/session/dc914ab1fc63230a8208364a2f724118/se/cdp for sessionId=dc914ab1fc63230a8208364a2f724118
<ws connecting> ws://172.18.0.5:4444/session/dc914ab1fc63230a8208364a2f724118/se/cdp
<ws error> [object Object]
<ws connect error> ws://172.18.0.5:4444/session/dc914ab1fc63230a8208364a2f724118/se/cdp connect ETIMEDOUT 172.18.0.5:4444
<ws disconnected> ws://172.18.0.5:4444/session/dc914ab1fc63230a8208364a2f724118/se/cdp code=1006 reason=
<selenium> disconnecting from sessionId=dc914ab1fc63230a8208364a2f724118
<selenium> disconnected from sessionId=dc914ab1fc63230a8208364a2f724118
============================================================
    at X.<anonymous> (/private/var/folders/qr/qn4_v81x63n6kwrsj0rv37b40000gp/T/playwright-java-12037138118452180624/package/lib/server/transport.js:44:16)
    at X.i (/private/var/folders/qr/qn4_v81x63n6kwrsj0rv37b40000gp/T/playwright-java-12037138118452180624/package/lib/utilsBundleImpl.js:38:24151)
    at X.emit (node:events:539:35)
    at fo (/private/var/folders/qr/qn4_v81x63n6kwrsj0rv37b40000gp/T/playwright-java-12037138118452180624/package/lib/utilsBundleImpl.js:38:36211)
    at ClientRequest.<anonymous> (/private/var/folders/qr/qn4_v81x63n6kwrsj0rv37b40000gp/T/playwright-java-12037138118452180624/package/lib/utilsBundleImpl.js:38:34667)
    at ClientRequest.emit (node:events:527:28)
    at Socket.socketErrorListener (node:_http_client:454:9)
    at Socket.emit (node:events:527:28)
    at emitErrorNT (node:internal/streams/destroy:157:8)
    at emitErrorCloseNT (node:internal/streams/destroy:122:3)
}
at com.microsoft.playwright.impl.Connection.dispatch(Connection.java:190)
at com.microsoft.playwright.impl.Connection.processOneMessage(Connection.java:170)
at com.microsoft.playwright.impl.ChannelOwner.runUntil(ChannelOwner.java:101)
... 38 more
]]>
    </error>
  </testcase> <!-- setup -->
  <testcase classname="com.qa.opencart.tests.HomePageTest" name="homePageTitleTest" time="0.000">
    <skipped/>
  </testcase> <!-- homePageTitleTest -->
</testsuite> <!-- com.qa.opencart.tests.HomePageTest -->
